<?xml version="1.0" encoding="UTF-8"?>
<testsuite xmlns:xsi="http://www.w3.org/2001/XMLSchema-instance" xsi:noNamespaceSchemaLocation="https://maven.apache.org/surefire/maven-surefire-plugin/xsd/surefire-test-report.xsd" name="it.one6n.file_pdf.PdfUtilsTest" time="0.475" tests="7" errors="0" skipped="0" failures="0">
  <properties>
[...]
</properties>
  <testcase name="testWriteText" classname="it.one6n.file_pdf.PdfUtilsTest" time="0.421"/>
  <testcase name="testcreateAndSavePdfWithBlankPages" classname="it.one6n.file_pdf.PdfUtilsTest" time="0.011"/>
  <testcase name="testCreatePdfWithBlankPages" classname="it.one6n.file_pdf.PdfUtilsTest" time="0.004"/>
  <testcase name="testLoadDocumentFile" classname="it.one6n.file_pdf.PdfUtilsTest" time="0.005"/>
  <testcase name="testLoadDocumentPath" classname="it.one6n.file_pdf.PdfUtilsTest" time="0.002"/>
  <testcase name="testSavePDF" classname="it.one6n.file_pdf.PdfUtilsTest" time="0.004"/>
  <testcase name="testSplitDocument" classname="it.one6n.file_pdf.PdfUtilsTest" time="0.004"/>
</testsuite>